This is pdfTeX, Version 3.1415926-2.3-1.40.12 (TeX Live 2011) (format=pdflatex 2015.7.6)  5 AUG 2015 21:37
entering extended mode
 \write18 enabled.
 file:line:error style messages enabled.
 %&-line parsing enabled.
**sigproc-sp.tex
(./sigproc-sp.tex
LaTeX2e <2009/09/24>
Babel <v3.8l> and hyphenation patterns for english, dumylang, nohyphenation, ge
rman-x-2009-06-19, ngerman-x-2009-06-19, afrikaans, ancientgreek, ibycus, arabi
c, armenian, basque, bulgarian, catalan, pinyin, coptic, croatian, czech, danis
h, dutch, ukenglish, usenglishmax, esperanto, estonian, ethiopic, farsi, finnis
h, french, galician, german, ngerman, swissgerman, monogreek, greek, hungarian,
 icelandic, assamese, bengali, gujarati, hindi, kannada, malayalam, marathi, or
iya, panjabi, tamil, telugu, indonesian, interlingua, irish, italian, kurmanji,
 lao, latin, latvian, lithuanian, mongolian, mongolianlmc, bokmal, nynorsk, pol
ish, portuguese, romanian, russian, sanskrit, serbian, serbianc, slovak, sloven
ian, spanish, swedish, turkish, turkmen, ukrainian, uppersorbian, welsh, loaded
.
(./acm_proc_article-sp.cls
(/usr/local/texlive/2011/texmf-dist/tex/latex/graphics/epsfig.sty
Package: epsfig 1999/02/16 v1.7a (e)psfig emulation (SPQR)

(/usr/local/texlive/2011/texmf-dist/tex/latex/graphics/graphicx.sty
Package: graphicx 1999/02/16 v1.0f Enhanced LaTeX Graphics (DPC,SPQR)

(/usr/local/texlive/2011/texmf-dist/tex/latex/graphics/keyval.sty
Package: keyval 1999/03/16 v1.13 key=value parser (DPC)
\KV@toks@=\toks14
)
(/usr/local/texlive/2011/texmf-dist/tex/latex/graphics/graphics.sty
Package: graphics 2009/02/05 v1.0o Standard LaTeX Graphics (DPC,SPQR)

(/usr/local/texlive/2011/texmf-dist/tex/latex/graphics/trig.sty
Package: trig 1999/03/16 v1.09 sin cos tan (DPC)
)
(/usr/local/texlive/2011/texmf-dist/tex/latex/latexconfig/graphics.cfg
File: graphics.cfg 2010/04/23 v1.9 graphics configuration of TeX Live
)
Package graphics Info: Driver file: pdftex.def on input line 91.

(/usr/local/texlive/2011/texmf-dist/tex/latex/pdftex-def/pdftex.def
File: pdftex.def 2011/05/27 v0.06d Graphics/color for pdfTeX

(/usr/local/texlive/2011/texmf-dist/tex/generic/oberdiek/infwarerr.sty
Package: infwarerr 2010/04/08 v1.3 Providing info/warning/message (HO)
)
(/usr/local/texlive/2011/texmf-dist/tex/generic/oberdiek/ltxcmds.sty
Package: ltxcmds 2011/04/18 v1.20 LaTeX kernel commands for general use (HO)
)
\Gread@gobject=\count79
))
\Gin@req@height=\dimen102
\Gin@req@width=\dimen103
)
\epsfxsize=\dimen104
\epsfysize=\dimen105
)
(/usr/local/texlive/2011/texmf-dist/tex/latex/amsfonts/amssymb.sty
Package: amssymb 2009/06/22 v3.00

(/usr/local/texlive/2011/texmf-dist/tex/latex/amsfonts/amsfonts.sty
Package: amsfonts 2009/06/22 v3.00 Basic AMSFonts support
\@emptytoks=\toks15
\symAMSa=\mathgroup4
\symAMSb=\mathgroup5
LaTeX Font Info:    Overwriting math alphabet `\mathfrak' in version `bold'
(Font)                  U/euf/m/n --> U/euf/b/n on input line 96.
))
(/usr/local/texlive/2011/texmf-dist/tex/latex/amsmath/amsmath.sty
Package: amsmath 2000/07/18 v2.13 AMS math features
\@mathmargin=\skip41

For additional information on amsmath, use the `?' option.
(/usr/local/texlive/2011/texmf-dist/tex/latex/amsmath/amstext.sty
Package: amstext 2000/06/29 v2.01

(/usr/local/texlive/2011/texmf-dist/tex/latex/amsmath/amsgen.sty
File: amsgen.sty 1999/11/30 v2.0
\@emptytoks=\toks16
\ex@=\dimen106
))
(/usr/local/texlive/2011/texmf-dist/tex/latex/amsmath/amsbsy.sty
Package: amsbsy 1999/11/29 v1.2d
\pmbraise@=\dimen107
)
(/usr/local/texlive/2011/texmf-dist/tex/latex/amsmath/amsopn.sty
Package: amsopn 1999/12/14 v2.01 operator names
)
\inf@bad=\count80
LaTeX Info: Redefining \frac on input line 211.
\uproot@=\count81
\leftroot@=\count82
LaTeX Info: Redefining \overline on input line 307.
\classnum@=\count83
\DOTSCASE@=\count84
LaTeX Info: Redefining \ldots on input line 379.
LaTeX Info: Redefining \dots on input line 382.
LaTeX Info: Redefining \cdots on input line 467.
\Mathstrutbox@=\box26
\strutbox@=\box27
\big@size=\dimen108
LaTeX Font Info:    Redeclaring font encoding OML on input line 567.
LaTeX Font Info:    Redeclaring font encoding OMS on input line 568.
\macc@depth=\count85
\c@MaxMatrixCols=\count86
\dotsspace@=\muskip10
\c@parentequation=\count87
\dspbrk@lvl=\count88
\tag@help=\toks17
\row@=\count89
\column@=\count90
\maxfields@=\count91
\andhelp@=\toks18
\eqnshift@=\dimen109
\alignsep@=\dimen110
\tagshift@=\dimen111
\tagwidth@=\dimen112
\totwidth@=\dimen113
\lineht@=\dimen114
\@envbody=\toks19
\multlinegap=\skip42
\multlinetaggap=\skip43
\mathdisplay@stack=\toks20
LaTeX Info: Redefining \[ on input line 2666.
LaTeX Info: Redefining \] on input line 2667.
)
Document Class 'acm_proc_article-sp' <22nd. April '09>. Modified by G.K.M. Tobi
n
Based in part upon document Style `acmconf' <22 May 89>. Hacked 4/91 by
shivers@cs.cmu.edu, 4/93 by theobald@cs.mcgill.ca
Excerpts were taken from (Journal Style) 'esub2acm.cls'.
****** Bugs/comments/suggestions to Gerry Murray -- murray@hq.acm.org ******
\footheight=\dimen115
\@maxsep=\dimen116
\@dblmaxsep=\dimen117
\aucount=\count92
\originalaucount=\count93
\auwidth=\dimen118
\auskip=\dimen119
\auskipcount=\count94
\auskip=\dimen120
\allauboxes=\dimen121
\addauthors=\toks21
\addauflag=\count95
\subtitletext=\toks22
\savesection=\count96
\sectioncntr=\count97
\c@figure=\count98
\c@table=\count99
\titleboxnotes=\toks23
\titleboxnoteflag=\count100
Document Class: acm_proc_article-sp 2009/04/22 - V3.2SP - based on esub2acm.sty
 <23 April 96>
(/usr/local/texlive/2011/texmf-dist/tex/latex/base/latexsym.sty
Package: latexsym 1998/08/17 v2.2e Standard LaTeX package (lasy symbols)
\symlasy=\mathgroup6
LaTeX Font Info:    Overwriting symbol font `lasy' in version `bold'
(Font)                  U/lasy/m/n --> U/lasy/b/n on input line 47.
)
\@acmtitlebox=\box28
\titlenotecount=\count101
\tntoks=\toks24
\tntokstwo=\toks25
\tntoksthree=\toks26
\tntoksfour=\toks27
\tntoksfive=\toks28
\catcount=\count102
\copyrightnotice=\toks29
\conf=\toks30
\confinfo=\toks31
\c@part=\count103
\c@section=\count104
\c@subsection=\count105
\c@subsubsection=\count106
\c@paragraph=\count107

Using 'Abbrev' bibliography style
LaTeX Info: Redefining \cite on input line 1236.
\bibindent=\dimen122
\colcntr=\count108
\saveb@x=\box29
\copyrtyr=\toks32
\acmcopyr=\toks33
\boilerplate=\toks34
\copyrightetc=\toks35
(/usr/local/texlive/2011/texmf-dist/tex/latex/base/fontenc.sty
Package: fontenc 2005/09/27 v1.99g Standard LaTeX package

(/usr/local/texlive/2011/texmf-dist/tex/latex/base/t1enc.def
File: t1enc.def 2005/09/27 v1.99g Standard LaTeX file
LaTeX Font Info:    Redeclaring font encoding T1 on input line 43.
)
LaTeX Font Info:    Try loading font information for T1+aer on input line 100.

(/usr/local/texlive/2011/texmf-dist/tex/latex/ae/t1aer.fd
File: t1aer.fd 1997/11/16 Font definitions for T1/aer.
)))
(/usr/local/texlive/2011/texmf-dist/tex/latex/float/float.sty
Package: float 2001/11/08 v1.3d Float enhancements (AL)
\c@float@type=\count109
\float@exts=\toks36
\float@box=\box30
\@float@everytoks=\toks37
\@floatcapt=\box31
)
(/usr/local/texlive/2011/texmf-dist/tex/latex/oberdiek/epstopdf.sty
Package: epstopdf 2010/02/09 v2.5 Conversion with epstopdf on the fly (HO)

(/usr/local/texlive/2011/texmf-dist/tex/latex/oberdiek/epstopdf-base.sty
Package: epstopdf-base 2010/02/09 v2.5 Base part for package epstopdf

(/usr/local/texlive/2011/texmf-dist/tex/latex/oberdiek/grfext.sty
Package: grfext 2010/08/19 v1.1 Managing graphics extensions (HO)

(/usr/local/texlive/2011/texmf-dist/tex/generic/oberdiek/kvdefinekeys.sty
Package: kvdefinekeys 2011/04/07 v1.3 Defining keys (HO)
))
(/usr/local/texlive/2011/texmf-dist/tex/latex/oberdiek/kvoptions.sty
Package: kvoptions 2010/12/23 v3.10 Keyval support for LaTeX options (HO)

(/usr/local/texlive/2011/texmf-dist/tex/generic/oberdiek/kvsetkeys.sty
Package: kvsetkeys 2011/04/07 v1.13 Key value parser (HO)

(/usr/local/texlive/2011/texmf-dist/tex/generic/oberdiek/etexcmds.sty
Package: etexcmds 2011/02/16 v1.5 Prefix for e-TeX command names (HO)

(/usr/local/texlive/2011/texmf-dist/tex/generic/oberdiek/ifluatex.sty
Package: ifluatex 2010/03/01 v1.3 Provides the ifluatex switch (HO)
Package ifluatex Info: LuaTeX not detected.
)
Package etexcmds Info: Could not find \expanded.
(etexcmds)             That can mean that you are not using pdfTeX 1.50 or
(etexcmds)             that some package has redefined \expanded.
(etexcmds)             In the latter case, load this package earlier.
)))
(/usr/local/texlive/2011/texmf-dist/tex/generic/oberdiek/pdftexcmds.sty
Package: pdftexcmds 2011/04/22 v0.16 Utilities of pdfTeX for LuaTeX (HO)

(/usr/local/texlive/2011/texmf-dist/tex/generic/oberdiek/ifpdf.sty
Package: ifpdf 2011/01/30 v2.3 Provides the ifpdf switch (HO)
Package ifpdf Info: pdfTeX in PDF mode is detected.
)
Package pdftexcmds Info: LuaTeX not detected.
Package pdftexcmds Info: \pdf@primitive is available.
Package pdftexcmds Info: \pdf@ifprimitive is available.
Package pdftexcmds Info: \pdfdraftmode found.
)
Package grfext Info: Graphics extension search list:
(grfext)             [.png,.pdf,.jpg,.mps,.jpeg,.jbig2,.jb2,.PNG,.PDF,.JPG,.JPE
G,.JBIG2,.JB2,.eps]
(grfext)             \AppendGraphicsExtensions on input line 452.

(/usr/local/texlive/2011/texmf-dist/tex/latex/latexconfig/epstopdf-sys.cfg
File: epstopdf-sys.cfg 2010/07/13 v1.3 Configuration of (r)epstopdf for TeX Liv
e
)))
(/usr/local/texlive/2011/texmf-dist/tex/latex/pstricks/pstricks.sty
Package: pstricks 2011/04/23 v0.50 LaTeX wrapper for `PSTricks' (RN,HV)

(/usr/local/texlive/2011/texmf-dist/tex/generic/pstricks/pstricks.tex
(/usr/local/texlive/2011/texmf-dist/tex/generic/xkeyval/pst-xkey.tex
File: pst-xkey.tex 2005/11/25 v1.6 PSTricks specialization of xkeyval (HA)

(/usr/local/texlive/2011/texmf-dist/tex/latex/xkeyval/xkeyval.sty
Package: xkeyval 2008/08/13 v2.6a package option processing (HA)

(/usr/local/texlive/2011/texmf-dist/tex/generic/xkeyval/xkeyval.tex
\XKV@toks=\toks38
\XKV@tempa@toks=\toks39
\XKV@depth=\count110
File: xkeyval.tex 2008/08/13 v2.6a key=value parser (HA)
)))
(/usr/local/texlive/2011/texmf-dist/tex/generic/pstricks/pst-fp.tex
`pst-fp' v0.05, 2010/01/17 (hv)
\pstFP@xs=\count111
\pstFP@xia=\count112
\pstFP@xib=\count113
\pstFP@xfa=\count114
\pstFP@xfb=\count115
\pstFP@rega=\count116
\pstFP@regb=\count117
\pstFP@regs=\count118
\pstFP@times=\count119
)
\psLoopIndex=\count120

`PSTricks' v2.20  <2011/04/23> (tvz)
\pst@dima=\dimen123
\pst@dimb=\dimen124
\pst@dimc=\dimen125
\pst@dimd=\dimen126
\pst@dimg=\dimen127
\pst@dimh=\dimen128
\pst@dimm=\dimen129
\pst@dimn=\dimen130
\pst@dimo=\dimen131
\pst@dimp=\dimen132
\pst@hbox=\box32
\pst@ibox=\box33
\pst@boxg=\box34
\pst@cnta=\count121
\pst@cntb=\count122
\pst@cntc=\count123
\pst@cntd=\count124
\pst@cntg=\count125
\pst@cnth=\count126
\pst@cntm=\count127
\pst@cntn=\count128
\pst@cnto=\count129
\pst@cntp=\count130
\@zero=\count131
\pst@toks=\toks40
(/usr/local/texlive/2011/texmf-dist/tex/generic/pstricks/pstricks.con)
\psunit=\dimen133
\psxunit=\dimen134
\psyunit=\dimen135
\pst@C@@rType=\count132
\pslinewidth=\dimen136
\psk@startLW=\dimen137
\psk@endLW=\dimen138
\pst@customdefs=\toks41
\pslinearc=\dimen139
\pst@symbolStep=\dimen140
\pst@symbolWidth=\dimen141
\everypsbox=\toks42
\psframesep=\dimen142
\pslabelsep=\dimen143
\pst@shift=\dimen144
\theoverlaybox=\box35
)
File: pstricks.tex 2011/04/23 v2.20 `PSTricks' (tvz,hv)

(/usr/local/texlive/2011/texmf-dist/tex/generic/pstricks/pst-fp.tex)
File: pst-fp.tex 2011/04/23 v2.20 `PST-fp' (hv)

(/usr/local/texlive/2011/texmf-dist/tex/latex/xcolor/xcolor.sty
Package: xcolor 2007/01/21 v2.11 LaTeX color extensions (UK)

(/usr/local/texlive/2011/texmf-dist/tex/latex/latexconfig/color.cfg
File: color.cfg 2007/01/18 v1.5 color configuration of teTeX/TeXLive
)
Package xcolor Info: Driver file: pdftex.def on input line 225.
Package xcolor Info: Model `cmy' substituted by `cmy0' on input line 1337.
Package xcolor Info: Model `hsb' substituted by `rgb' on input line 1341.
Package xcolor Info: Model `RGB' extended on input line 1353.
Package xcolor Info: Model `HTML' substituted by `rgb' on input line 1355.
Package xcolor Info: Model `Hsb' substituted by `hsb' on input line 1356.
Package xcolor Info: Model `tHsb' substituted by `hsb' on input line 1357.
Package xcolor Info: Model `HSB' substituted by `hsb' on input line 1358.
Package xcolor Info: Model `Gray' substituted by `gray' on input line 1359.
Package xcolor Info: Model `wave' substituted by `hsb' on input line 1360.
))
(/usr/local/texlive/2011/texmf-dist/tex/latex/placeins/placeins.sty
Package: placeins 2005/04/18  v 2.2
)
(./sigproc-sp.aux)
\openout1 = `sigproc-sp.aux'.

LaTeX Font Info:    Checking defaults for OML/cmm/m/it on input line 9.
LaTeX Font Info:    ... okay on input line 9.
LaTeX Font Info:    Checking defaults for T1/cmr/m/n on input line 9.
LaTeX Font Info:    ... okay on input line 9.
LaTeX Font Info:    Checking defaults for OT1/cmr/m/n on input line 9.
LaTeX Font Info:    ... okay on input line 9.
LaTeX Font Info:    Checking defaults for OMS/cmsy/m/n on input line 9.
LaTeX Font Info:    ... okay on input line 9.
LaTeX Font Info:    Checking defaults for OMX/cmex/m/n on input line 9.
LaTeX Font Info:    ... okay on input line 9.
LaTeX Font Info:    Checking defaults for U/cmr/m/n on input line 9.
LaTeX Font Info:    ... okay on input line 9.

(/usr/local/texlive/2011/texmf-dist/tex/context/base/supp-pdf.mkii
[Loading MPS to PDF converter (version 2006.09.02).]
\scratchcounter=\count133
\scratchdimen=\dimen145
\scratchbox=\box36
\nofMPsegments=\count134
\nofMParguments=\count135
\everyMPshowfont=\toks43
\MPscratchCnt=\count136
\MPscratchDim=\dimen146
\MPnumerator=\count137
\makeMPintoPDFobject=\count138
\everyMPtoPDFconversion=\toks44
)

./sigproc-sp.tex:9: LaTeX Error: You have run the document with pdflatex, but P
STricks
               requires latex->dvips->ps2pdf or alternatively the use
               of the package `auto-pst-pdf'. Then you can run
                 `pdflatex -shell-escape <file>' (TeX Live) 
               or
                 `pdflatex -enable-write18 <file>' (MikTeX).

See the LaTeX manual or LaTeX Companion for explanation.
Type  H <return>  for immediate help.
 ...                                              
                                                  
l.9 \begin{document}
                    
? 
LaTeX Font Info:    Try loading font information for U+msa on input line 96.
(/usr/local/texlive/2011/texmf-dist/tex/latex/amsfonts/umsa.fd
File: umsa.fd 2009/06/22 v3.00 AMS symbols A
)
LaTeX Font Info:    Try loading font information for U+msb on input line 96.

(/usr/local/texlive/2011/texmf-dist/tex/latex/amsfonts/umsb.fd
File: umsb.fd 2009/06/22 v3.00 AMS symbols B
)
LaTeX Font Info:    Try loading font information for U+lasy on input line 96.

(/usr/local/texlive/2011/texmf-dist/tex/latex/base/ulasy.fd
File: ulasy.fd 1998/08/17 v2.2e LaTeX symbol font definitions
)
Overfull \hbox (1.26794pt too wide) in paragraph at lines 103--104
\T1/aer/m/n/9 H.4 [\T1/aer/bx/n/9 Information Sys-tems Ap-pli-ca-tions\T1/aer/m
/n/9 ]: Mis-cel-la-neous;
 []


Overfull \hbox (15.9908pt too wide) in paragraph at lines 148--149
\T1/aer/m/n/9 put data dis-pers-edly on a large clus-ter for high-throughput,
 []

[1
Non-PDF special ignored!
Non-PDF special ignored!
Non-PDF special ignored!
Non-PDF special ignored!{/usr/local/texlive/2011/texmf-var/fonts/map/pdftex/upd
map/pdftex.map}


Non-PDF special ignored!
Non-PDF special ignored!

]
Overfull \hbox (2.50026pt too wide) in paragraph at lines 154--155
[]\T1/aer/m/n/9 Distributed spatio-temporal database: As lo-ca-tion data
 []

Package epstopdf Info: Source file: <architectureOfSystem.eps>
(epstopdf)                    date: 2015-08-04 23:26:11
(epstopdf)                    size: 544498 bytes
(epstopdf)             Output file: <architectureOfSystem-eps-converted-to.pdf>

(epstopdf)                    date: 2015-08-04 23:26:11
(epstopdf)                    size: 19671 bytes
(epstopdf)             Command: <epstopdf --outfile=architectureOfSystem-eps-co
nverted-to.pdf architectureOfSystem.eps>
(epstopdf)             \includegraphics on input line 167.
Package epstopdf Info: Output file is already uptodate.
<architectureOfSystem-eps-converted-to.pdf, id=13, 236.885pt x 120.45pt>
File: architectureOfSystem-eps-converted-to.pdf Graphic file (type pdf)

<use architectureOfSystem-eps-converted-to.pdf>
Package pdftex.def Info: architectureOfSystem-eps-converted-to.pdf used on inpu
t line 167.
(pdftex.def)             Requested size: 220.8321pt x 100.37779pt.
 [2 <./architectureOfSystem-eps-converted-to.pdf>]
Overfull \hbox (3.95857pt too wide) in paragraph at lines 190--191
[]\T1/aer/m/n/9 GPSInsights is im-ple-mented to work with both Spark Stream-
 []


Overfull \hbox (6.10506pt too wide) in paragraph at lines 203--204
\T1/aer/m/n/9 Geomesa is an open-source, dis-tributed, spatio-temporal data-
 []

Package epstopdf Info: Source file: <sendingcrash.eps>
(epstopdf)                    date: 2015-08-02 21:42:29
(epstopdf)                    size: 559614 bytes
(epstopdf)             Output file: <sendingcrash-eps-converted-to.pdf>
(epstopdf)                    date: 2015-08-02 21:42:29
(epstopdf)                    size: 25623 bytes
(epstopdf)             Command: <epstopdf --outfile=sendingcrash-eps-converted-
to.pdf sendingcrash.eps>
(epstopdf)             \includegraphics on input line 217.
Package epstopdf Info: Output file is already uptodate.
<sendingcrash-eps-converted-to.pdf, id=23, 165.61874pt x 75.28125pt>
File: sendingcrash-eps-converted-to.pdf Graphic file (type pdf)

<use sendingcrash-eps-converted-to.pdf>
Package pdftex.def Info: sendingcrash-eps-converted-to.pdf used on input line 2
17.
(pdftex.def)             Requested size: 220.83623pt x 100.38469pt.
Package epstopdf Info: Source file: <receivingcrash.eps>
(epstopdf)                    date: 2015-08-02 21:42:29
(epstopdf)                    size: 572590 bytes
(epstopdf)             Output file: <receivingcrash-eps-converted-to.pdf>
(epstopdf)                    date: 2015-08-02 21:42:29
(epstopdf)                    size: 25546 bytes
(epstopdf)             Command: <epstopdf --outfile=receivingcrash-eps-converte
d-to.pdf receivingcrash.eps>
(epstopdf)             \includegraphics on input line 225.
Package epstopdf Info: Output file is already uptodate.

<receivingcrash-eps-converted-to.pdf, id=24, 203.76125pt x 76.285pt>
File: receivingcrash-eps-converted-to.pdf Graphic file (type pdf)

<use receivingcrash-eps-converted-to.pdf>
Package pdftex.def Info: receivingcrash-eps-converted-to.pdf used on input line
 225.
(pdftex.def)             Requested size: 220.83614pt x 100.37988pt.
 [3 <./sendingcrash-eps-converted-to.pdf> <./receivingcrash-eps-converted-to.pd
f>]
Overfull \hbox (39.36775pt too wide) in paragraph at lines 235--235
[]\secfnt SCALABLE MAP MATCH-ING IM-PLE-MENTED
 []

Package epstopdf Info: Source file: <compositionOfRoad.eps>
(epstopdf)                    date: 2015-08-02 21:42:29
(epstopdf)                    size: 530958 bytes
(epstopdf)             Output file: <compositionOfRoad-eps-converted-to.pdf>
(epstopdf)                    date: 2015-08-02 21:42:29
(epstopdf)                    size: 16915 bytes
(epstopdf)             Command: <epstopdf --outfile=compositionOfRoad-eps-conve
rted-to.pdf compositionOfRoad.eps>
(epstopdf)             \includegraphics on input line 256.
Package epstopdf Info: Output file is already uptodate.
<compositionOfRoad-eps-converted-to.pdf, id=46, 145.54375pt x 79.29625pt>
File: compositionOfRoad-eps-converted-to.pdf Graphic file (type pdf)

<use compositionOfRoad-eps-converted-to.pdf>
Package pdftex.def Info: compositionOfRoad-eps-converted-to.pdf used on input l
ine 256.
(pdftex.def)             Requested size: 220.84235pt x 100.38324pt.
Package epstopdf Info: Source file: <addPointsTofRoad.eps>
(epstopdf)                    date: 2015-08-02 21:42:29
(epstopdf)                    size: 532862 bytes
(epstopdf)             Output file: <addPointsTofRoad-eps-converted-to.pdf>
(epstopdf)                    date: 2015-08-02 21:42:29
(epstopdf)                    size: 14846 bytes
(epstopdf)             Command: <epstopdf --outfile=addPointsTofRoad-eps-conver
ted-to.pdf addPointsTofRoad.eps>
(epstopdf)             \includegraphics on input line 271.
Package epstopdf Info: Output file is already uptodate.

<addPointsTofRoad-eps-converted-to.pdf, id=47, 145.54375pt x 67.25125pt>
File: addPointsTofRoad-eps-converted-to.pdf Graphic file (type pdf)

<use addPointsTofRoad-eps-converted-to.pdf>
Package pdftex.def Info: addPointsTofRoad-eps-converted-to.pdf used on input li
ne 271.
(pdftex.def)             Requested size: 220.84235pt x 100.37685pt.


LaTeX Warning: `h' float specifier changed to `ht'.

[4 <./compositionOfRoad-eps-converted-to.pdf>]
Overfull \hbox (18.8703pt too wide) in paragraph at lines 287--288
\T1/aer/m/n/9 from the dis-tributed publish-subscribe mes-sag-ing ser-vice (Apa
che
 []

Package epstopdf Info: Source file: <thesis-5.eps>
(epstopdf)                    date: 2015-08-02 21:42:29
(epstopdf)                    size: 598014 bytes
(epstopdf)             Output file: <thesis-5-eps-converted-to.pdf>
(epstopdf)                    date: 2015-08-02 21:42:29
(epstopdf)                    size: 22172 bytes
(epstopdf)             Command: <epstopdf --outfile=thesis-5-eps-converted-to.p
df thesis-5.eps>
(epstopdf)             \includegraphics on input line 370.
Package epstopdf Info: Output file is already uptodate.
<thesis-5-eps-converted-to.pdf, id=56, 211.79124pt x 101.37875pt>
File: thesis-5-eps-converted-to.pdf Graphic file (type pdf)

<use thesis-5-eps-converted-to.pdf>
Package pdftex.def Info: thesis-5-eps-converted-to.pdf used on input line 370.
(pdftex.def)             Requested size: 220.83293pt x 100.37764pt.


LaTeX Warning: `h' float specifier changed to `ht'.

[5 <./addPointsTofRoad-eps-converted-to.pdf>]
Package epstopdf Info: Source file: <thesis-6.eps>
(epstopdf)                    date: 2015-08-02 21:42:29
(epstopdf)                    size: 582590 bytes
(epstopdf)             Output file: <thesis-6-eps-converted-to.pdf>
(epstopdf)                    date: 2015-08-02 21:42:29
(epstopdf)                    size: 17829 bytes
(epstopdf)             Command: <epstopdf --outfile=thesis-6-eps-converted-to.p
df thesis-6.eps>
(epstopdf)             \includegraphics on input line 379.
Package epstopdf Info: Output file is already uptodate.

<thesis-6-eps-converted-to.pdf, id=70, 211.79124pt x 101.37875pt>
File: thesis-6-eps-converted-to.pdf Graphic file (type pdf)

<use thesis-6-eps-converted-to.pdf>
Package pdftex.def Info: thesis-6-eps-converted-to.pdf used on input line 379.
(pdftex.def)             Requested size: 220.83293pt x 100.37764pt.
Package epstopdf Info: Source file: <thesis-7.eps>
(epstopdf)                    date: 2015-08-02 21:42:29
(epstopdf)                    size: 567142 bytes
(epstopdf)             Output file: <thesis-7-eps-converted-to.pdf>
(epstopdf)                    date: 2015-08-02 21:42:29
(epstopdf)                    size: 18650 bytes
(epstopdf)             Command: <epstopdf --outfile=thesis-7-eps-converted-to.p
df thesis-7.eps>
(epstopdf)             \includegraphics on input line 386.
Package epstopdf Info: Output file is already uptodate.

<thesis-7-eps-converted-to.pdf, id=71, 211.79124pt x 101.37875pt>
File: thesis-7-eps-converted-to.pdf Graphic file (type pdf)

<use thesis-7-eps-converted-to.pdf>
Package pdftex.def Info: thesis-7-eps-converted-to.pdf used on input line 386.
(pdftex.def)             Requested size: 220.83293pt x 100.37764pt.

Overfull \hbox (12.24706pt too wide) in paragraph at lines 397--398
\T1/aer/m/n/9 re-li-able sys-tem for con-tin-u-ously pro-cess-ing the mas-sive 
amounts
 []

(./sigproc-sp.bbl
Overfull \hbox (119.66016pt too wide) in paragraph at lines 50--53
\T1/aer/m/n/9 https://cwiki.apache.org/confluence/display/kafka/0.8.0+simplecon
sumer+example.  
 []

[6 <./thesis-5-eps-converted-to.pdf> <./thesis-6-eps-converted-to.pdf> <./thesi
s-7-eps-converted-to.pdf>])
Package epstopdf Info: Source file: <connectmodule.eps>
(epstopdf)                    date: 2015-08-04 23:26:11
(epstopdf)                    size: 607938 bytes
(epstopdf)             Output file: <connectmodule-eps-converted-to.pdf>
(epstopdf)                    date: 2015-08-04 23:26:11
(epstopdf)                    size: 20392 bytes
(epstopdf)             Command: <epstopdf --outfile=connectmodule-eps-converted
-to.pdf connectmodule.eps>
(epstopdf)             \includegraphics on input line 434.
Package epstopdf Info: Output file is already uptodate.

<connectmodule-eps-converted-to.pdf, id=102, 242.9075pt x 151.56625pt>
File: connectmodule-eps-converted-to.pdf Graphic file (type pdf)

<use connectmodule-eps-converted-to.pdf>
Package pdftex.def Info: connectmodule-eps-converted-to.pdf used on input line 
434.
(pdftex.def)             Requested size: 220.82376pt x 110.41347pt.

<Picture1.png, id=103, 722.7pt x 324.80899pt>
File: Picture1.png Graphic file (type png)
 <use Picture1.png>
Package pdftex.def Info: Picture1.png used on input line 443.
(pdftex.def)             Requested size: 220.82567pt x 110.41376pt.
 [7 <./connectmodule-eps-converted-to.pdf> <./Picture1.png>] (./sigproc-sp.aux)


LaTeX Warning: Label(s) may have changed. Rerun to get cross-references right.

 ) 
Here is how much of TeX's memory you used:
 4867 strings out of 493633
 64691 string characters out of 3143378
 150238 words of memory out of 3000000
 8042 multiletter control sequences out of 15000+200000
 49605 words of font info for 66 fonts, out of 3000000 for 9000
 831 hyphenation exceptions out of 8191
 42i,11n,38p,1376b,301s stack positions out of 5000i,500n,10000p,200000b,50000s
{/usr/local/texlive/2011/texmf-dist/fonts/enc/dvips/base/8r.enc}</usr/local/t
exlive/2011/texmf-dist/fonts/type1/public/amsfonts/cm/cmbx9.pfb></usr/local/tex
live/2011/texmf-dist/fonts/type1/public/amsfonts/cmextra/cmex9.pfb></usr/local/
texlive/2011/texmf-dist/fonts/type1/public/amsfonts/cm/cmmi5.pfb></usr/local/te
xlive/2011/texmf-dist/fonts/type1/public/amsfonts/cm/cmmi6.pfb></usr/local/texl
ive/2011/texmf-dist/fonts/type1/public/amsfonts/cm/cmmi9.pfb></usr/local/texliv
e/2011/texmf-dist/fonts/type1/public/amsfonts/cm/cmr6.pfb></usr/local/texlive/2
011/texmf-dist/fonts/type1/public/amsfonts/cm/cmr9.pfb></usr/local/texlive/2011
/texmf-dist/fonts/type1/public/amsfonts/cm/cmsy9.pfb></usr/local/texlive/2011/t
exmf-dist/fonts/type1/public/amsfonts/cm/cmti9.pfb></usr/local/texlive/2011/tex
mf-dist/fonts/type1/urw/helvetic/uhvb8a.pfb></usr/local/texlive/2011/texmf-dist
/fonts/type1/urw/helvetic/uhvr8a.pfb></usr/local/texlive/2011/texmf-dist/fonts/
type1/urw/times/utmb8a.pfb></usr/local/texlive/2011/texmf-dist/fonts/type1/urw/
times/utmri8a.pfb>
Output written on sigproc-sp.pdf (7 pages, 754196 bytes).
PDF statistics:
 162 PDF objects out of 1000 (max. 8388607)
 111 compressed objects within 2 object streams
 0 named destinations out of 1000 (max. 500000)
 51 words of extra memory for PDF output out of 10000 (max. 10000000)

